2020-04-08 00:25:46.276[main][main] INFO  o.s.b.t.c.SpringBootTestContextBootstrapper - Neither @ContextConfiguration nor @ContextHierarchy found for test class [com.mybatis.xmldemo.mapper.MessageMapperTest], using SpringBootContextLoader
2020-04-08 00:25:46.282[main][main] INFO  o.s.t.c.s.AbstractContextLoader - Could not detect default resource locations for test class [com.mybatis.xmldemo.mapper.MessageMapperTest]: no resource found for suffixes {-context.xml, Context.groovy}.
2020-04-08 00:25:46.283[main][main] INFO  o.s.t.c.s.AnnotationConfigContextLoaderUtils - Could not detect default configuration classes for test class [com.mybatis.xmldemo.mapper.MessageMapperTest]: MessageMapperTest does not declare any static, non-private, non-final, nested classes annotated with @Configuration.
2020-04-08 00:25:46.395[main][main] INFO  o.s.b.t.c.SpringBootTestContextBootstrapper - Found @SpringBootConfiguration com.mybatis.xmldemo.XmlDemoApplication for test class com.mybatis.xmldemo.mapper.MessageMapperTest
2020-04-08 00:25:46.504[main][main] INFO  o.s.b.t.c.SpringBootTestContextBootstrapper - Loaded default TestExecutionListener class names from location [META-INF/spring.factories]: [org.springframework.boot.test.mock.mockito.MockitoTestExecutionListener, org.springframework.boot.test.mock.mockito.ResetMocksTestExecutionListener, org.springframework.boot.test.autoconfigure.restdocs.RestDocsTestExecutionListener, org.springframework.boot.test.autoconfigure.web.client.MockRestServiceServerResetTestExecutionListener, org.springframework.boot.test.autoconfigure.web.servlet.MockMvcPrintOnlyOnFailureTestExecutionListener, org.springframework.boot.test.autoconfigure.web.servlet.WebDriverTestExecutionListener, org.springframework.test.context.web.ServletTestExecutionListener, org.springframework.test.context.support.DirtiesContextBeforeModesTestExecutionListener, org.springframework.test.context.support.DependencyInjectionTestExecutionListener, org.springframework.test.context.support.DirtiesContextTestExecutionListener, org.springframework.test.context.transaction.TransactionalTestExecutionListener, org.springframework.test.context.jdbc.SqlScriptsTestExecutionListener, org.springframework.test.context.event.EventPublishingTestExecutionListener]
2020-04-08 00:25:46.519[main][main] INFO  o.s.b.t.c.SpringBootTestContextBootstrapper - Using TestExecutionListeners: [org.springframework.test.context.support.DirtiesContextBeforeModesTestExecutionListener@63798ca7, org.springframework.boot.test.mock.mockito.MockitoTestExecutionListener@4612b856, org.springframework.boot.test.autoconfigure.SpringBootDependencyInjectionTestExecutionListener@22875539, org.springframework.test.context.support.DirtiesContextTestExecutionListener@5674e1f2, org.springframework.test.context.transaction.TransactionalTestExecutionListener@79c7532f, org.springframework.test.context.jdbc.SqlScriptsTestExecutionListener@2a448449, org.springframework.test.context.event.EventPublishingTestExecutionListener@32f232a5, org.springframework.boot.test.mock.mockito.ResetMocksTestExecutionListener@43f82e78, org.springframework.boot.test.autoconfigure.restdocs.RestDocsTestExecutionListener@e54303, org.springframework.boot.test.autoconfigure.web.client.MockRestServiceServerResetTestExecutionListener@e8df99a, org.springframework.boot.test.autoconfigure.web.servlet.MockMvcPrintOnlyOnFailureTestExecutionListener@2dc995f4, org.springframework.boot.test.autoconfigure.web.servlet.WebDriverTestExecutionListener@2f40e5db]
2020-04-08 00:25:46.854[main][main] INFO  c.m.xmldemo.mapper.MessageMapperTest - Starting MessageMapperTest on LAPTOP-K0SG6Q7R with PID 2024 (started by 18262 in D:\MySelf\Study\MainMajor\SpringBoot\SpringBoot\xml-demo)
2020-04-08 00:25:46.855[main][main] DEBUG c.m.xmldemo.mapper.MessageMapperTest - Running with Spring Boot v2.2.6.RELEASE, Spring v5.2.5.RELEASE
2020-04-08 00:25:46.855[main][main] INFO  c.m.xmldemo.mapper.MessageMapperTest - No active profile set, falling back to default profiles: default
2020-04-08 00:25:47.229[main][main] DEBUG org.apache.ibatis.logging.LogFactory - Logging initialized using 'class org.apache.ibatis.logging.slf4j.Slf4jImpl' adapter.
2020-04-08 00:25:47.786[main][main] INFO  c.m.xmldemo.mapper.MessageMapperTest - Started MessageMapperTest in 1.223 seconds (JVM running for 2.372)
2020-04-08 00:25:48.052[main][main] INFO  com.zaxxer.hikari.HikariDataSource - HikariPool-1 - Starting...
2020-04-08 00:25:48.606[main][main] INFO  com.zaxxer.hikari.HikariDataSource - HikariPool-1 - Start completed.
2020-04-08 00:25:48.616[main][main] DEBUG c.m.x.mapper.MessageMapper.selectAll - ==>  Preparing: select * from message 
2020-04-08 00:25:48.644[main][main] DEBUG c.m.x.mapper.MessageMapper.selectAll - ==> Parameters: 
2020-04-08 00:25:48.669[main][main] DEBUG c.m.x.mapper.MessageMapper.selectAll - <==      Total: 2
2020-04-08 00:25:48.680[main][main] INFO  c.m.xmldemo.mapper.MessageMapperTest - 查询到的记录：Message(msgId=2, msgText=兔子, msgSummary=动物)
2020-04-08 00:25:48.695[main][main] INFO  c.m.xmldemo.mapper.MessageMapperTest - 查询到的记录：Message(msgId=3, msgText=小狼, msgSummary=动物)
2020-04-08 00:25:48.714[SpringContextShutdownHook][SpringContextShutdownHook] INFO  com.zaxxer.hikari.HikariDataSource - HikariPool-1 - Shutdown initiated...
2020-04-08 00:25:48.736[SpringContextShutdownHook][SpringContextShutdownHook] INFO  com.zaxxer.hikari.HikariDataSource - HikariPool-1 - Shutdown completed.
