2020-04-07 10:56:14.283[main][main] INFO  o.s.b.t.c.SpringBootTestContextBootstrapper - Neither @ContextConfiguration nor @ContextHierarchy found for test class [com.mybatis.xmldemo.mapper.MessageMapperTest], using SpringBootContextLoader
2020-04-07 10:56:14.288[main][main] INFO  o.s.t.c.s.AbstractContextLoader - Could not detect default resource locations for test class [com.mybatis.xmldemo.mapper.MessageMapperTest]: no resource found for suffixes {-context.xml, Context.groovy}.
2020-04-07 10:56:14.289[main][main] INFO  o.s.t.c.s.AnnotationConfigContextLoaderUtils - Could not detect default configuration classes for test class [com.mybatis.xmldemo.mapper.MessageMapperTest]: MessageMapperTest does not declare any static, non-private, non-final, nested classes annotated with @Configuration.
2020-04-07 10:56:14.411[main][main] INFO  o.s.b.t.c.SpringBootTestContextBootstrapper - Found @SpringBootConfiguration com.mybatis.xmldemo.XmlDemoApplication for test class com.mybatis.xmldemo.mapper.MessageMapperTest
2020-04-07 10:56:14.517[main][main] INFO  o.s.b.t.c.SpringBootTestContextBootstrapper - Loaded default TestExecutionListener class names from location [META-INF/spring.factories]: [org.springframework.boot.test.mock.mockito.MockitoTestExecutionListener, org.springframework.boot.test.mock.mockito.ResetMocksTestExecutionListener, org.springframework.boot.test.autoconfigure.restdocs.RestDocsTestExecutionListener, org.springframework.boot.test.autoconfigure.web.client.MockRestServiceServerResetTestExecutionListener, org.springframework.boot.test.autoconfigure.web.servlet.MockMvcPrintOnlyOnFailureTestExecutionListener, org.springframework.boot.test.autoconfigure.web.servlet.WebDriverTestExecutionListener, org.springframework.test.context.web.ServletTestExecutionListener, org.springframework.test.context.support.DirtiesContextBeforeModesTestExecutionListener, org.springframework.test.context.support.DependencyInjectionTestExecutionListener, org.springframework.test.context.support.DirtiesContextTestExecutionListener, org.springframework.test.context.transaction.TransactionalTestExecutionListener, org.springframework.test.context.jdbc.SqlScriptsTestExecutionListener, org.springframework.test.context.event.EventPublishingTestExecutionListener]
2020-04-07 10:56:14.536[main][main] INFO  o.s.b.t.c.SpringBootTestContextBootstrapper - Using TestExecutionListeners: [org.springframework.test.context.support.DirtiesContextBeforeModesTestExecutionListener@7502291e, org.springframework.boot.test.mock.mockito.MockitoTestExecutionListener@17aad511, org.springframework.boot.test.autoconfigure.SpringBootDependencyInjectionTestExecutionListener@487db668, org.springframework.test.context.support.DirtiesContextTestExecutionListener@46944ca9, org.springframework.test.context.transaction.TransactionalTestExecutionListener@22bac7bc, org.springframework.test.context.jdbc.SqlScriptsTestExecutionListener@63798ca7, org.springframework.test.context.event.EventPublishingTestExecutionListener@4612b856, org.springframework.boot.test.mock.mockito.ResetMocksTestExecutionListener@22875539, org.springframework.boot.test.autoconfigure.restdocs.RestDocsTestExecutionListener@5674e1f2, org.springframework.boot.test.autoconfigure.web.client.MockRestServiceServerResetTestExecutionListener@79c7532f, org.springframework.boot.test.autoconfigure.web.servlet.MockMvcPrintOnlyOnFailureTestExecutionListener@2a448449, org.springframework.boot.test.autoconfigure.web.servlet.WebDriverTestExecutionListener@32f232a5]
2020-04-07 10:56:14.855[main][main] INFO  c.m.xmldemo.mapper.MessageMapperTest - Starting MessageMapperTest on LAPTOP-K0SG6Q7R with PID 20464 (started by 18262 in D:\MySelf\Study\MainMajor\SpringBoot\SpringBoot\xml-demo)
2020-04-07 10:56:14.856[main][main] DEBUG c.m.xmldemo.mapper.MessageMapperTest - Running with Spring Boot v2.2.6.RELEASE, Spring v5.2.5.RELEASE
2020-04-07 10:56:14.856[main][main] INFO  c.m.xmldemo.mapper.MessageMapperTest - No active profile set, falling back to default profiles: default
2020-04-07 10:56:15.218[main][main] DEBUG org.apache.ibatis.logging.LogFactory - Logging initialized using 'class org.apache.ibatis.logging.slf4j.Slf4jImpl' adapter.
2020-04-07 10:56:15.865[main][main] INFO  c.m.xmldemo.mapper.MessageMapperTest - Started MessageMapperTest in 1.287 seconds (JVM running for 2.456)
2020-04-07 10:56:16.128[main][main] INFO  com.zaxxer.hikari.HikariDataSource - HikariPool-1 - Starting...
2020-04-07 10:56:16.691[main][main] INFO  com.zaxxer.hikari.HikariDataSource - HikariPool-1 - Start completed.
2020-04-07 10:56:16.701[main][main] DEBUG c.m.x.mapper.MessageMapper.selectAll - ==>  Preparing: select * from message 
2020-04-07 10:56:16.728[main][main] DEBUG c.m.x.mapper.MessageMapper.selectAll - ==> Parameters: 
2020-04-07 10:56:16.759[main][main] DEBUG c.m.x.mapper.MessageMapper.selectAll - <==      Total: 2
2020-04-07 10:56:16.764[main][main] INFO  c.m.xmldemo.mapper.MessageMapperTest - 查询到的记录：Message(msgId=1, msgText=百合花, msgSummary=纯洁)
2020-04-07 10:56:16.773[main][main] INFO  c.m.xmldemo.mapper.MessageMapperTest - 查询到的记录：Message(msgId=2, msgText=樱花, msgSummary=春天)
2020-04-07 10:56:16.795[SpringContextShutdownHook][SpringContextShutdownHook] INFO  com.zaxxer.hikari.HikariDataSource - HikariPool-1 - Shutdown initiated...
2020-04-07 10:56:16.824[SpringContextShutdownHook][SpringContextShutdownHook] INFO  com.zaxxer.hikari.HikariDataSource - HikariPool-1 - Shutdown completed.
2020-04-07 12:01:18.786[main][main] INFO  o.s.b.t.c.SpringBootTestContextBootstrapper - Neither @ContextConfiguration nor @ContextHierarchy found for test class [com.mybatis.xmldemo.mapper.MessageMapperTest], using SpringBootContextLoader
2020-04-07 12:01:18.792[main][main] INFO  o.s.t.c.s.AbstractContextLoader - Could not detect default resource locations for test class [com.mybatis.xmldemo.mapper.MessageMapperTest]: no resource found for suffixes {-context.xml, Context.groovy}.
2020-04-07 12:01:18.793[main][main] INFO  o.s.t.c.s.AnnotationConfigContextLoaderUtils - Could not detect default configuration classes for test class [com.mybatis.xmldemo.mapper.MessageMapperTest]: MessageMapperTest does not declare any static, non-private, non-final, nested classes annotated with @Configuration.
2020-04-07 12:01:18.926[main][main] INFO  o.s.b.t.c.SpringBootTestContextBootstrapper - Found @SpringBootConfiguration com.mybatis.xmldemo.XmlDemoApplication for test class com.mybatis.xmldemo.mapper.MessageMapperTest
2020-04-07 12:01:19.028[main][main] INFO  o.s.b.t.c.SpringBootTestContextBootstrapper - Loaded default TestExecutionListener class names from location [META-INF/spring.factories]: [org.springframework.boot.test.mock.mockito.MockitoTestExecutionListener, org.springframework.boot.test.mock.mockito.ResetMocksTestExecutionListener, org.springframework.boot.test.autoconfigure.restdocs.RestDocsTestExecutionListener, org.springframework.boot.test.autoconfigure.web.client.MockRestServiceServerResetTestExecutionListener, org.springframework.boot.test.autoconfigure.web.servlet.MockMvcPrintOnlyOnFailureTestExecutionListener, org.springframework.boot.test.autoconfigure.web.servlet.WebDriverTestExecutionListener, org.springframework.test.context.web.ServletTestExecutionListener, org.springframework.test.context.support.DirtiesContextBeforeModesTestExecutionListener, org.springframework.test.context.support.DependencyInjectionTestExecutionListener, org.springframework.test.context.support.DirtiesContextTestExecutionListener, org.springframework.test.context.transaction.TransactionalTestExecutionListener, org.springframework.test.context.jdbc.SqlScriptsTestExecutionListener, org.springframework.test.context.event.EventPublishingTestExecutionListener]
2020-04-07 12:01:19.046[main][main] INFO  o.s.b.t.c.SpringBootTestContextBootstrapper - Using TestExecutionListeners: [org.springframework.test.context.support.DirtiesContextBeforeModesTestExecutionListener@530712d, org.springframework.boot.test.mock.mockito.MockitoTestExecutionListener@2df6226d, org.springframework.boot.test.autoconfigure.SpringBootDependencyInjectionTestExecutionListener@12ed9db6, org.springframework.test.context.support.DirtiesContextTestExecutionListener@4ff4357f, org.springframework.test.context.transaction.TransactionalTestExecutionListener@49cb9cb5, org.springframework.test.context.jdbc.SqlScriptsTestExecutionListener@55322aab, org.springframework.test.context.event.EventPublishingTestExecutionListener@2b4c1d96, org.springframework.boot.test.mock.mockito.ResetMocksTestExecutionListener@45fd9a4d, org.springframework.boot.test.autoconfigure.restdocs.RestDocsTestExecutionListener@50468873, org.springframework.boot.test.autoconfigure.web.client.MockRestServiceServerResetTestExecutionListener@146587a2, org.springframework.boot.test.autoconfigure.web.servlet.MockMvcPrintOnlyOnFailureTestExecutionListener@5f0e9815, org.springframework.boot.test.autoconfigure.web.servlet.WebDriverTestExecutionListener@76884e4b]
2020-04-07 12:01:19.352[main][main] INFO  c.m.xmldemo.mapper.MessageMapperTest - Starting MessageMapperTest on LAPTOP-K0SG6Q7R with PID 20556 (started by 18262 in D:\MySelf\Study\MainMajor\SpringBoot\SpringBoot\xml-demo)
2020-04-07 12:01:19.352[main][main] DEBUG c.m.xmldemo.mapper.MessageMapperTest - Running with Spring Boot v2.2.6.RELEASE, Spring v5.2.5.RELEASE
2020-04-07 12:01:19.353[main][main] INFO  c.m.xmldemo.mapper.MessageMapperTest - No active profile set, falling back to default profiles: default
2020-04-07 12:01:19.750[main][main] DEBUG org.apache.ibatis.logging.LogFactory - Logging initialized using 'class org.apache.ibatis.logging.slf4j.Slf4jImpl' adapter.
2020-04-07 12:01:20.333[main][main] INFO  c.m.xmldemo.mapper.MessageMapperTest - Started MessageMapperTest in 1.241 seconds (JVM running for 2.481)
2020-04-07 12:01:20.593[main][main] INFO  com.zaxxer.hikari.HikariDataSource - HikariPool-1 - Starting...
2020-04-07 12:01:21.115[main][main] INFO  com.zaxxer.hikari.HikariDataSource - HikariPool-1 - Start completed.
2020-04-07 12:01:21.124[main][main] DEBUG c.m.x.mapper.MessageMapper.insert - ==>  Preparing: insert into message(msg_text, msg_summary) values (?, ?) 
2020-04-07 12:01:21.166[main][main] DEBUG c.m.x.mapper.MessageMapper.insert - ==> Parameters: 竹子(String), 四君子之一(String)
2020-04-07 12:01:21.172[main][main] DEBUG c.m.x.mapper.MessageMapper.insert - <==    Updates: 1
2020-04-07 12:01:21.173[main][main] INFO  c.m.xmldemo.mapper.MessageMapperTest - 插入的数据：1
2020-04-07 12:01:21.183[main][main] DEBUG c.m.x.mapper.MessageMapper.selectAll - ==>  Preparing: select * from message 
2020-04-07 12:01:21.183[main][main] DEBUG c.m.x.mapper.MessageMapper.selectAll - ==> Parameters: 
2020-04-07 12:01:21.226[main][main] DEBUG c.m.x.mapper.MessageMapper.selectAll - <==      Total: 3
2020-04-07 12:01:21.231[main][main] INFO  c.m.xmldemo.mapper.MessageMapperTest - 查询到的记录：Message(msgId=1, msgText=百合花, msgSummary=纯洁)
2020-04-07 12:01:21.255[main][main] INFO  c.m.xmldemo.mapper.MessageMapperTest - 查询到的记录：Message(msgId=2, msgText=樱花, msgSummary=春天)
2020-04-07 12:01:21.255[main][main] INFO  c.m.xmldemo.mapper.MessageMapperTest - 查询到的记录：Message(msgId=3, msgText=竹子, msgSummary=四君子之一)
2020-04-07 12:01:21.262[main][main] DEBUG c.m.x.m.MessageMapper.selectById - ==>  Preparing: select * from message where msg_id = ? 
2020-04-07 12:01:21.262[main][main] DEBUG c.m.x.m.MessageMapper.selectById - ==> Parameters: 1(Integer)
2020-04-07 12:01:21.263[main][main] DEBUG c.m.x.m.MessageMapper.selectById - <==      Total: 1
2020-04-07 12:01:21.264[main][main] INFO  c.m.xmldemo.mapper.MessageMapperTest - id为1的数据：Message(msgId=1, msgText=百合花, msgSummary=纯洁)
2020-04-07 12:01:21.268[main][main] DEBUG c.m.x.mapper.MessageMapper.delete - ==>  Preparing: delete from message where msg_id=? 
2020-04-07 12:01:21.269[main][main] DEBUG c.m.x.mapper.MessageMapper.delete - ==> Parameters: 1(Integer)
2020-04-07 12:01:21.273[main][main] DEBUG c.m.x.mapper.MessageMapper.delete - <==    Updates: 1
2020-04-07 12:01:21.273[main][main] INFO  c.m.xmldemo.mapper.MessageMapperTest - 删除的数据条数：1
2020-04-07 12:01:21.308[main][main] DEBUG c.m.x.mapper.MessageMapper.update - ==>  Preparing: update message set msg_text-?, msg_summary=? where msg_id = ? 
2020-04-07 12:01:21.309[main][main] DEBUG c.m.x.mapper.MessageMapper.update - ==> Parameters: computer(String), 学校(String), 1(Integer)
2020-04-07 12:01:21.409[main][main] DEBUG c.m.x.m.MessageMapper.updateText - ==>  Preparing: update message set msg_text=?, where msg_id =? 
2020-04-07 12:01:21.409[main][main] DEBUG c.m.x.m.MessageMapper.updateText - ==> Parameters: computer(String), 2(Integer)
2020-04-07 12:01:21.424[main][main] DEBUG c.m.x.m.MessageMapper.batchInsert - ==>  Preparing: insert into message (msg_text, msg_summary) values (?, ?) , (?, ?) 
2020-04-07 12:01:21.425[main][main] DEBUG c.m.x.m.MessageMapper.batchInsert - ==> Parameters: 兔子(String), 动物(String), 小狼(String), 动物(String)
2020-04-07 12:01:21.428[main][main] DEBUG c.m.x.m.MessageMapper.batchInsert - <==    Updates: 2
2020-04-07 12:01:21.437[SpringContextShutdownHook][SpringContextShutdownHook] INFO  com.zaxxer.hikari.HikariDataSource - HikariPool-1 - Shutdown initiated...
2020-04-07 12:01:21.448[SpringContextShutdownHook][SpringContextShutdownHook] INFO  com.zaxxer.hikari.HikariDataSource - HikariPool-1 - Shutdown completed.
2020-04-07 12:06:37.392[main][main] INFO  o.s.b.t.c.SpringBootTestContextBootstrapper - Neither @ContextConfiguration nor @ContextHierarchy found for test class [com.mybatis.xmldemo.mapper.MessageMapperTest], using SpringBootContextLoader
2020-04-07 12:06:37.399[main][main] INFO  o.s.t.c.s.AbstractContextLoader - Could not detect default resource locations for test class [com.mybatis.xmldemo.mapper.MessageMapperTest]: no resource found for suffixes {-context.xml, Context.groovy}.
2020-04-07 12:06:37.400[main][main] INFO  o.s.t.c.s.AnnotationConfigContextLoaderUtils - Could not detect default configuration classes for test class [com.mybatis.xmldemo.mapper.MessageMapperTest]: MessageMapperTest does not declare any static, non-private, non-final, nested classes annotated with @Configuration.
2020-04-07 12:06:37.524[main][main] INFO  o.s.b.t.c.SpringBootTestContextBootstrapper - Found @SpringBootConfiguration com.mybatis.xmldemo.XmlDemoApplication for test class com.mybatis.xmldemo.mapper.MessageMapperTest
2020-04-07 12:06:37.639[main][main] INFO  o.s.b.t.c.SpringBootTestContextBootstrapper - Loaded default TestExecutionListener class names from location [META-INF/spring.factories]: [org.springframework.boot.test.mock.mockito.MockitoTestExecutionListener, org.springframework.boot.test.mock.mockito.ResetMocksTestExecutionListener, org.springframework.boot.test.autoconfigure.restdocs.RestDocsTestExecutionListener, org.springframework.boot.test.autoconfigure.web.client.MockRestServiceServerResetTestExecutionListener, org.springframework.boot.test.autoconfigure.web.servlet.MockMvcPrintOnlyOnFailureTestExecutionListener, org.springframework.boot.test.autoconfigure.web.servlet.WebDriverTestExecutionListener, org.springframework.test.context.web.ServletTestExecutionListener, org.springframework.test.context.support.DirtiesContextBeforeModesTestExecutionListener, org.springframework.test.context.support.DependencyInjectionTestExecutionListener, org.springframework.test.context.support.DirtiesContextTestExecutionListener, org.springframework.test.context.transaction.TransactionalTestExecutionListener, org.springframework.test.context.jdbc.SqlScriptsTestExecutionListener, org.springframework.test.context.event.EventPublishingTestExecutionListener]
2020-04-07 12:06:37.657[main][main] INFO  o.s.b.t.c.SpringBootTestContextBootstrapper - Using TestExecutionListeners: [org.springframework.test.context.support.DirtiesContextBeforeModesTestExecutionListener@530712d, org.springframework.boot.test.mock.mockito.MockitoTestExecutionListener@2df6226d, org.springframework.boot.test.autoconfigure.SpringBootDependencyInjectionTestExecutionListener@12ed9db6, org.springframework.test.context.support.DirtiesContextTestExecutionListener@4ff4357f, org.springframework.test.context.transaction.TransactionalTestExecutionListener@49cb9cb5, org.springframework.test.context.jdbc.SqlScriptsTestExecutionListener@55322aab, org.springframework.test.context.event.EventPublishingTestExecutionListener@2b4c1d96, org.springframework.boot.test.mock.mockito.ResetMocksTestExecutionListener@45fd9a4d, org.springframework.boot.test.autoconfigure.restdocs.RestDocsTestExecutionListener@50468873, org.springframework.boot.test.autoconfigure.web.client.MockRestServiceServerResetTestExecutionListener@146587a2, org.springframework.boot.test.autoconfigure.web.servlet.MockMvcPrintOnlyOnFailureTestExecutionListener@5f0e9815, org.springframework.boot.test.autoconfigure.web.servlet.WebDriverTestExecutionListener@76884e4b]
2020-04-07 12:06:38.019[main][main] INFO  c.m.xmldemo.mapper.MessageMapperTest - Starting MessageMapperTest on LAPTOP-K0SG6Q7R with PID 20260 (started by 18262 in D:\MySelf\Study\MainMajor\SpringBoot\SpringBoot\xml-demo)
2020-04-07 12:06:38.020[main][main] DEBUG c.m.xmldemo.mapper.MessageMapperTest - Running with Spring Boot v2.2.6.RELEASE, Spring v5.2.5.RELEASE
2020-04-07 12:06:38.022[main][main] INFO  c.m.xmldemo.mapper.MessageMapperTest - No active profile set, falling back to default profiles: default
2020-04-07 12:06:38.501[main][main] DEBUG org.apache.ibatis.logging.LogFactory - Logging initialized using 'class org.apache.ibatis.logging.slf4j.Slf4jImpl' adapter.
2020-04-07 12:06:39.116[main][main] INFO  c.m.xmldemo.mapper.MessageMapperTest - Started MessageMapperTest in 1.415 seconds (JVM running for 2.615)
2020-04-07 12:06:39.383[main][main] INFO  com.zaxxer.hikari.HikariDataSource - HikariPool-1 - Starting...
2020-04-07 12:06:39.885[main][main] INFO  com.zaxxer.hikari.HikariDataSource - HikariPool-1 - Start completed.
2020-04-07 12:06:39.893[main][main] DEBUG c.m.x.mapper.MessageMapper.insert - ==>  Preparing: insert into message(msg_text, msg_summary) values (?, ?) 
2020-04-07 12:06:39.922[main][main] DEBUG c.m.x.mapper.MessageMapper.insert - ==> Parameters: 竹子(String), 四君子之一(String)
2020-04-07 12:06:39.926[main][main] DEBUG c.m.x.mapper.MessageMapper.insert - <==    Updates: 1
2020-04-07 12:06:39.928[main][main] INFO  c.m.xmldemo.mapper.MessageMapperTest - 插入的数据：1
2020-04-07 12:06:39.938[main][main] DEBUG c.m.x.mapper.MessageMapper.selectAll - ==>  Preparing: select * from message 
2020-04-07 12:06:39.938[main][main] DEBUG c.m.x.mapper.MessageMapper.selectAll - ==> Parameters: 
2020-04-07 12:06:39.962[main][main] DEBUG c.m.x.mapper.MessageMapper.selectAll - <==      Total: 1
2020-04-07 12:06:39.966[main][main] INFO  c.m.xmldemo.mapper.MessageMapperTest - 查询到的记录：Message(msgId=1, msgText=竹子, msgSummary=四君子之一)
2020-04-07 12:06:39.979[main][main] DEBUG c.m.x.m.MessageMapper.selectById - ==>  Preparing: select * from message where msg_id = ? 
2020-04-07 12:06:39.980[main][main] DEBUG c.m.x.m.MessageMapper.selectById - ==> Parameters: 1(Integer)
2020-04-07 12:06:39.988[main][main] DEBUG c.m.x.m.MessageMapper.selectById - <==      Total: 1
2020-04-07 12:06:39.989[main][main] INFO  c.m.xmldemo.mapper.MessageMapperTest - id为1的数据：Message(msgId=1, msgText=竹子, msgSummary=四君子之一)
2020-04-07 12:06:39.996[main][main] DEBUG c.m.x.mapper.MessageMapper.delete - ==>  Preparing: delete from message where msg_id=? 
2020-04-07 12:06:39.996[main][main] DEBUG c.m.x.mapper.MessageMapper.delete - ==> Parameters: 1(Integer)
2020-04-07 12:06:40.001[main][main] DEBUG c.m.x.mapper.MessageMapper.delete - <==    Updates: 1
2020-04-07 12:06:40.001[main][main] INFO  c.m.xmldemo.mapper.MessageMapperTest - 删除的数据条数：1
2020-04-07 12:06:40.029[main][main] DEBUG c.m.x.mapper.MessageMapper.update - ==>  Preparing: update message set msg_text=?, msg_summary=? where msg_id = ? 
2020-04-07 12:06:40.030[main][main] DEBUG c.m.x.mapper.MessageMapper.update - ==> Parameters: computer(String), 学校(String), 1(Integer)
2020-04-07 12:06:40.031[main][main] DEBUG c.m.x.mapper.MessageMapper.update - <==    Updates: 0
2020-04-07 12:06:40.031[main][main] INFO  c.m.xmldemo.mapper.MessageMapperTest - 更新的数据条数：0
2020-04-07 12:06:40.043[main][main] DEBUG c.m.x.m.MessageMapper.updateText - ==>  Preparing: update message set msg_text=?, where msg_id =? 
2020-04-07 12:06:40.043[main][main] DEBUG c.m.x.m.MessageMapper.updateText - ==> Parameters: computer(String), 2(Integer)
2020-04-07 12:06:40.134[main][main] DEBUG c.m.x.m.MessageMapper.batchInsert - ==>  Preparing: insert into message (msg_text, msg_summary) values (?, ?) , (?, ?) 
2020-04-07 12:06:40.135[main][main] DEBUG c.m.x.m.MessageMapper.batchInsert - ==> Parameters: 兔子(String), 动物(String), 小狼(String), 动物(String)
2020-04-07 12:06:40.138[main][main] DEBUG c.m.x.m.MessageMapper.batchInsert - <==    Updates: 2
2020-04-07 12:06:40.149[SpringContextShutdownHook][SpringContextShutdownHook] INFO  com.zaxxer.hikari.HikariDataSource - HikariPool-1 - Shutdown initiated...
2020-04-07 12:06:40.161[SpringContextShutdownHook][SpringContextShutdownHook] INFO  com.zaxxer.hikari.HikariDataSource - HikariPool-1 - Shutdown completed.
2020-04-07 12:10:14.144[main][main] INFO  o.s.b.t.c.SpringBootTestContextBootstrapper - Neither @ContextConfiguration nor @ContextHierarchy found for test class [com.mybatis.xmldemo.mapper.MessageMapperTest], using SpringBootContextLoader
2020-04-07 12:10:14.149[main][main] INFO  o.s.t.c.s.AbstractContextLoader - Could not detect default resource locations for test class [com.mybatis.xmldemo.mapper.MessageMapperTest]: no resource found for suffixes {-context.xml, Context.groovy}.
2020-04-07 12:10:14.150[main][main] INFO  o.s.t.c.s.AnnotationConfigContextLoaderUtils - Could not detect default configuration classes for test class [com.mybatis.xmldemo.mapper.MessageMapperTest]: MessageMapperTest does not declare any static, non-private, non-final, nested classes annotated with @Configuration.
2020-04-07 12:10:14.256[main][main] INFO  o.s.b.t.c.SpringBootTestContextBootstrapper - Found @SpringBootConfiguration com.mybatis.xmldemo.XmlDemoApplication for test class com.mybatis.xmldemo.mapper.MessageMapperTest
2020-04-07 12:10:14.337[main][main] INFO  o.s.b.t.c.SpringBootTestContextBootstrapper - Loaded default TestExecutionListener class names from location [META-INF/spring.factories]: [org.springframework.boot.test.mock.mockito.MockitoTestExecutionListener, org.springframework.boot.test.mock.mockito.ResetMocksTestExecutionListener, org.springframework.boot.test.autoconfigure.restdocs.RestDocsTestExecutionListener, org.springframework.boot.test.autoconfigure.web.client.MockRestServiceServerResetTestExecutionListener, org.springframework.boot.test.autoconfigure.web.servlet.MockMvcPrintOnlyOnFailureTestExecutionListener, org.springframework.boot.test.autoconfigure.web.servlet.WebDriverTestExecutionListener, org.springframework.test.context.web.ServletTestExecutionListener, org.springframework.test.context.support.DirtiesContextBeforeModesTestExecutionListener, org.springframework.test.context.support.DependencyInjectionTestExecutionListener, org.springframework.test.context.support.DirtiesContextTestExecutionListener, org.springframework.test.context.transaction.TransactionalTestExecutionListener, org.springframework.test.context.jdbc.SqlScriptsTestExecutionListener, org.springframework.test.context.event.EventPublishingTestExecutionListener]
2020-04-07 12:10:14.356[main][main] INFO  o.s.b.t.c.SpringBootTestContextBootstrapper - Using TestExecutionListeners: [org.springframework.test.context.support.DirtiesContextBeforeModesTestExecutionListener@63798ca7, org.springframework.boot.test.mock.mockito.MockitoTestExecutionListener@4612b856, org.springframework.boot.test.autoconfigure.SpringBootDependencyInjectionTestExecutionListener@22875539, org.springframework.test.context.support.DirtiesContextTestExecutionListener@5674e1f2, org.springframework.test.context.transaction.TransactionalTestExecutionListener@79c7532f, org.springframework.test.context.jdbc.SqlScriptsTestExecutionListener@2a448449, org.springframework.test.context.event.EventPublishingTestExecutionListener@32f232a5, org.springframework.boot.test.mock.mockito.ResetMocksTestExecutionListener@43f82e78, org.springframework.boot.test.autoconfigure.restdocs.RestDocsTestExecutionListener@e54303, org.springframework.boot.test.autoconfigure.web.client.MockRestServiceServerResetTestExecutionListener@e8df99a, org.springframework.boot.test.autoconfigure.web.servlet.MockMvcPrintOnlyOnFailureTestExecutionListener@2dc995f4, org.springframework.boot.test.autoconfigure.web.servlet.WebDriverTestExecutionListener@2f40e5db]
2020-04-07 12:10:14.648[main][main] INFO  c.m.xmldemo.mapper.MessageMapperTest - Starting MessageMapperTest on LAPTOP-K0SG6Q7R with PID 24364 (started by 18262 in D:\MySelf\Study\MainMajor\SpringBoot\SpringBoot\xml-demo)
2020-04-07 12:10:14.649[main][main] DEBUG c.m.xmldemo.mapper.MessageMapperTest - Running with Spring Boot v2.2.6.RELEASE, Spring v5.2.5.RELEASE
2020-04-07 12:10:14.649[main][main] INFO  c.m.xmldemo.mapper.MessageMapperTest - No active profile set, falling back to default profiles: default
2020-04-07 12:10:14.983[main][main] DEBUG org.apache.ibatis.logging.LogFactory - Logging initialized using 'class org.apache.ibatis.logging.slf4j.Slf4jImpl' adapter.
2020-04-07 12:10:15.556[main][main] INFO  c.m.xmldemo.mapper.MessageMapperTest - Started MessageMapperTest in 1.165 seconds (JVM running for 2.207)
2020-04-07 12:10:15.809[main][main] INFO  com.zaxxer.hikari.HikariDataSource - HikariPool-1 - Starting...
2020-04-07 12:10:16.312[main][main] INFO  com.zaxxer.hikari.HikariDataSource - HikariPool-1 - Start completed.
2020-04-07 12:10:16.320[main][main] DEBUG c.m.x.mapper.MessageMapper.insert - ==>  Preparing: insert into message(msg_text, msg_summary) values (?, ?) 
2020-04-07 12:10:16.347[main][main] DEBUG c.m.x.mapper.MessageMapper.insert - ==> Parameters: 百合花(String), 纯洁(String)
2020-04-07 12:10:16.353[main][main] DEBUG c.m.x.mapper.MessageMapper.insert - <==    Updates: 1
2020-04-07 12:10:16.355[main][main] INFO  c.m.xmldemo.mapper.MessageMapperTest - 插入的数据：1
2020-04-07 12:10:16.369[SpringContextShutdownHook][SpringContextShutdownHook] INFO  com.zaxxer.hikari.HikariDataSource - HikariPool-1 - Shutdown initiated...
2020-04-07 12:10:16.374[SpringContextShutdownHook][SpringContextShutdownHook] INFO  com.zaxxer.hikari.HikariDataSource - HikariPool-1 - Shutdown completed.
2020-04-07 12:10:34.597[main][main] INFO  o.s.b.t.c.SpringBootTestContextBootstrapper - Neither @ContextConfiguration nor @ContextHierarchy found for test class [com.mybatis.xmldemo.mapper.MessageMapperTest], using SpringBootContextLoader
2020-04-07 12:10:34.603[main][main] INFO  o.s.t.c.s.AbstractContextLoader - Could not detect default resource locations for test class [com.mybatis.xmldemo.mapper.MessageMapperTest]: no resource found for suffixes {-context.xml, Context.groovy}.
2020-04-07 12:10:34.603[main][main] INFO  o.s.t.c.s.AnnotationConfigContextLoaderUtils - Could not detect default configuration classes for test class [com.mybatis.xmldemo.mapper.MessageMapperTest]: MessageMapperTest does not declare any static, non-private, non-final, nested classes annotated with @Configuration.
2020-04-07 12:10:34.707[main][main] INFO  o.s.b.t.c.SpringBootTestContextBootstrapper - Found @SpringBootConfiguration com.mybatis.xmldemo.XmlDemoApplication for test class com.mybatis.xmldemo.mapper.MessageMapperTest
2020-04-07 12:10:34.791[main][main] INFO  o.s.b.t.c.SpringBootTestContextBootstrapper - Loaded default TestExecutionListener class names from location [META-INF/spring.factories]: [org.springframework.boot.test.mock.mockito.MockitoTestExecutionListener, org.springframework.boot.test.mock.mockito.ResetMocksTestExecutionListener, org.springframework.boot.test.autoconfigure.restdocs.RestDocsTestExecutionListener, org.springframework.boot.test.autoconfigure.web.client.MockRestServiceServerResetTestExecutionListener, org.springframework.boot.test.autoconfigure.web.servlet.MockMvcPrintOnlyOnFailureTestExecutionListener, org.springframework.boot.test.autoconfigure.web.servlet.WebDriverTestExecutionListener, org.springframework.test.context.web.ServletTestExecutionListener, org.springframework.test.context.support.DirtiesContextBeforeModesTestExecutionListener, org.springframework.test.context.support.DependencyInjectionTestExecutionListener, org.springframework.test.context.support.DirtiesContextTestExecutionListener, org.springframework.test.context.transaction.TransactionalTestExecutionListener, org.springframework.test.context.jdbc.SqlScriptsTestExecutionListener, org.springframework.test.context.event.EventPublishingTestExecutionListener]
2020-04-07 12:10:34.807[main][main] INFO  o.s.b.t.c.SpringBootTestContextBootstrapper - Using TestExecutionListeners: [org.springframework.test.context.support.DirtiesContextBeforeModesTestExecutionListener@63798ca7, org.springframework.boot.test.mock.mockito.MockitoTestExecutionListener@4612b856, org.springframework.boot.test.autoconfigure.SpringBootDependencyInjectionTestExecutionListener@22875539, org.springframework.test.context.support.DirtiesContextTestExecutionListener@5674e1f2, org.springframework.test.context.transaction.TransactionalTestExecutionListener@79c7532f, org.springframework.test.context.jdbc.SqlScriptsTestExecutionListener@2a448449, org.springframework.test.context.event.EventPublishingTestExecutionListener@32f232a5, org.springframework.boot.test.mock.mockito.ResetMocksTestExecutionListener@43f82e78, org.springframework.boot.test.autoconfigure.restdocs.RestDocsTestExecutionListener@e54303, org.springframework.boot.test.autoconfigure.web.client.MockRestServiceServerResetTestExecutionListener@e8df99a, org.springframework.boot.test.autoconfigure.web.servlet.MockMvcPrintOnlyOnFailureTestExecutionListener@2dc995f4, org.springframework.boot.test.autoconfigure.web.servlet.WebDriverTestExecutionListener@2f40e5db]
2020-04-07 12:10:35.126[main][main] INFO  c.m.xmldemo.mapper.MessageMapperTest - Starting MessageMapperTest on LAPTOP-K0SG6Q7R with PID 31344 (started by 18262 in D:\MySelf\Study\MainMajor\SpringBoot\SpringBoot\xml-demo)
2020-04-07 12:10:35.127[main][main] DEBUG c.m.xmldemo.mapper.MessageMapperTest - Running with Spring Boot v2.2.6.RELEASE, Spring v5.2.5.RELEASE
2020-04-07 12:10:35.128[main][main] INFO  c.m.xmldemo.mapper.MessageMapperTest - No active profile set, falling back to default profiles: default
2020-04-07 12:10:35.503[main][main] DEBUG org.apache.ibatis.logging.LogFactory - Logging initialized using 'class org.apache.ibatis.logging.slf4j.Slf4jImpl' adapter.
2020-04-07 12:10:36.084[main][main] INFO  c.m.xmldemo.mapper.MessageMapperTest - Started MessageMapperTest in 1.234 seconds (JVM running for 2.298)
2020-04-07 12:10:36.333[main][main] INFO  com.zaxxer.hikari.HikariDataSource - HikariPool-1 - Starting...
2020-04-07 12:10:36.858[main][main] INFO  com.zaxxer.hikari.HikariDataSource - HikariPool-1 - Start completed.
2020-04-07 12:10:36.868[main][main] DEBUG c.m.x.mapper.MessageMapper.insert - ==>  Preparing: insert into message(msg_text, msg_summary) values (?, ?) 
2020-04-07 12:10:36.903[main][main] DEBUG c.m.x.mapper.MessageMapper.insert - ==> Parameters: 樱花(String), 春天(String)
2020-04-07 12:10:36.907[main][main] DEBUG c.m.x.mapper.MessageMapper.insert - <==    Updates: 1
2020-04-07 12:10:36.909[main][main] INFO  c.m.xmldemo.mapper.MessageMapperTest - 插入的数据：1
2020-04-07 12:10:36.925[SpringContextShutdownHook][SpringContextShutdownHook] INFO  com.zaxxer.hikari.HikariDataSource - HikariPool-1 - Shutdown initiated...
2020-04-07 12:10:36.930[SpringContextShutdownHook][SpringContextShutdownHook] INFO  com.zaxxer.hikari.HikariDataSource - HikariPool-1 - Shutdown completed.
2020-04-07 12:11:13.320[main][main] INFO  o.s.b.t.c.SpringBootTestContextBootstrapper - Neither @ContextConfiguration nor @ContextHierarchy found for test class [com.mybatis.xmldemo.mapper.MessageMapperTest], using SpringBootContextLoader
2020-04-07 12:11:13.331[main][main] INFO  o.s.t.c.s.AbstractContextLoader - Could not detect default resource locations for test class [com.mybatis.xmldemo.mapper.MessageMapperTest]: no resource found for suffixes {-context.xml, Context.groovy}.
2020-04-07 12:11:13.332[main][main] INFO  o.s.t.c.s.AnnotationConfigContextLoaderUtils - Could not detect default configuration classes for test class [com.mybatis.xmldemo.mapper.MessageMapperTest]: MessageMapperTest does not declare any static, non-private, non-final, nested classes annotated with @Configuration.
2020-04-07 12:11:13.432[main][main] INFO  o.s.b.t.c.SpringBootTestContextBootstrapper - Found @SpringBootConfiguration com.mybatis.xmldemo.XmlDemoApplication for test class com.mybatis.xmldemo.mapper.MessageMapperTest
2020-04-07 12:11:13.538[main][main] INFO  o.s.b.t.c.SpringBootTestContextBootstrapper - Loaded default TestExecutionListener class names from location [META-INF/spring.factories]: [org.springframework.boot.test.mock.mockito.MockitoTestExecutionListener, org.springframework.boot.test.mock.mockito.ResetMocksTestExecutionListener, org.springframework.boot.test.autoconfigure.restdocs.RestDocsTestExecutionListener, org.springframework.boot.test.autoconfigure.web.client.MockRestServiceServerResetTestExecutionListener, org.springframework.boot.test.autoconfigure.web.servlet.MockMvcPrintOnlyOnFailureTestExecutionListener, org.springframework.boot.test.autoconfigure.web.servlet.WebDriverTestExecutionListener, org.springframework.test.context.web.ServletTestExecutionListener, org.springframework.test.context.support.DirtiesContextBeforeModesTestExecutionListener, org.springframework.test.context.support.DependencyInjectionTestExecutionListener, org.springframework.test.context.support.DirtiesContextTestExecutionListener, org.springframework.test.context.transaction.TransactionalTestExecutionListener, org.springframework.test.context.jdbc.SqlScriptsTestExecutionListener, org.springframework.test.context.event.EventPublishingTestExecutionListener]
2020-04-07 12:11:13.559[main][main] INFO  o.s.b.t.c.SpringBootTestContextBootstrapper - Using TestExecutionListeners: [org.springframework.test.context.support.DirtiesContextBeforeModesTestExecutionListener@530712d, org.springframework.boot.test.mock.mockito.MockitoTestExecutionListener@2df6226d, org.springframework.boot.test.autoconfigure.SpringBootDependencyInjectionTestExecutionListener@12ed9db6, org.springframework.test.context.support.DirtiesContextTestExecutionListener@4ff4357f, org.springframework.test.context.transaction.TransactionalTestExecutionListener@49cb9cb5, org.springframework.test.context.jdbc.SqlScriptsTestExecutionListener@55322aab, org.springframework.test.context.event.EventPublishingTestExecutionListener@2b4c1d96, org.springframework.boot.test.mock.mockito.ResetMocksTestExecutionListener@45fd9a4d, org.springframework.boot.test.autoconfigure.restdocs.RestDocsTestExecutionListener@50468873, org.springframework.boot.test.autoconfigure.web.client.MockRestServiceServerResetTestExecutionListener@146587a2, org.springframework.boot.test.autoconfigure.web.servlet.MockMvcPrintOnlyOnFailureTestExecutionListener@5f0e9815, org.springframework.boot.test.autoconfigure.web.servlet.WebDriverTestExecutionListener@76884e4b]
2020-04-07 12:11:13.888[main][main] INFO  c.m.xmldemo.mapper.MessageMapperTest - Starting MessageMapperTest on LAPTOP-K0SG6Q7R with PID 5004 (started by 18262 in D:\MySelf\Study\MainMajor\SpringBoot\SpringBoot\xml-demo)
2020-04-07 12:11:13.888[main][main] DEBUG c.m.xmldemo.mapper.MessageMapperTest - Running with Spring Boot v2.2.6.RELEASE, Spring v5.2.5.RELEASE
2020-04-07 12:11:13.889[main][main] INFO  c.m.xmldemo.mapper.MessageMapperTest - No active profile set, falling back to default profiles: default
2020-04-07 12:11:14.285[main][main] DEBUG org.apache.ibatis.logging.LogFactory - Logging initialized using 'class org.apache.ibatis.logging.slf4j.Slf4jImpl' adapter.
2020-04-07 12:11:14.876[main][main] INFO  c.m.xmldemo.mapper.MessageMapperTest - Started MessageMapperTest in 1.266 seconds (JVM running for 2.382)
2020-04-07 12:11:15.145[main][main] INFO  com.zaxxer.hikari.HikariDataSource - HikariPool-1 - Starting...
2020-04-07 12:11:15.675[main][main] INFO  com.zaxxer.hikari.HikariDataSource - HikariPool-1 - Start completed.
2020-04-07 12:11:15.686[main][main] DEBUG c.m.x.mapper.MessageMapper.insert - ==>  Preparing: insert into message(msg_text, msg_summary) values (?, ?) 
2020-04-07 12:11:15.716[main][main] DEBUG c.m.x.mapper.MessageMapper.insert - ==> Parameters: 竹子(String), 四君子之一(String)
2020-04-07 12:11:15.722[main][main] DEBUG c.m.x.mapper.MessageMapper.insert - <==    Updates: 1
2020-04-07 12:11:15.724[main][main] INFO  c.m.xmldemo.mapper.MessageMapperTest - 插入的数据：1
2020-04-07 12:11:15.736[main][main] DEBUG c.m.x.mapper.MessageMapper.selectAll - ==>  Preparing: select * from message 
2020-04-07 12:11:15.737[main][main] DEBUG c.m.x.mapper.MessageMapper.selectAll - ==> Parameters: 
2020-04-07 12:11:15.764[main][main] DEBUG c.m.x.mapper.MessageMapper.selectAll - <==      Total: 3
2020-04-07 12:11:15.768[main][main] INFO  c.m.xmldemo.mapper.MessageMapperTest - 查询到的记录：Message(msgId=1, msgText=百合花, msgSummary=纯洁)
2020-04-07 12:11:15.794[main][main] INFO  c.m.xmldemo.mapper.MessageMapperTest - 查询到的记录：Message(msgId=2, msgText=樱花, msgSummary=春天)
2020-04-07 12:11:15.795[main][main] INFO  c.m.xmldemo.mapper.MessageMapperTest - 查询到的记录：Message(msgId=3, msgText=竹子, msgSummary=四君子之一)
2020-04-07 12:11:15.805[main][main] DEBUG c.m.x.m.MessageMapper.selectById - ==>  Preparing: select * from message where msg_id = ? 
2020-04-07 12:11:15.806[main][main] DEBUG c.m.x.m.MessageMapper.selectById - ==> Parameters: 1(Integer)
2020-04-07 12:11:15.809[main][main] DEBUG c.m.x.m.MessageMapper.selectById - <==      Total: 1
2020-04-07 12:11:15.809[main][main] INFO  c.m.xmldemo.mapper.MessageMapperTest - id为1的数据：Message(msgId=1, msgText=百合花, msgSummary=纯洁)
2020-04-07 12:11:15.815[main][main] DEBUG c.m.x.mapper.MessageMapper.delete - ==>  Preparing: delete from message where msg_id=? 
2020-04-07 12:11:15.816[main][main] DEBUG c.m.x.mapper.MessageMapper.delete - ==> Parameters: 1(Integer)
2020-04-07 12:11:15.824[main][main] DEBUG c.m.x.mapper.MessageMapper.delete - <==    Updates: 1
2020-04-07 12:11:15.824[main][main] INFO  c.m.xmldemo.mapper.MessageMapperTest - 删除的数据条数：1
2020-04-07 12:11:15.853[main][main] DEBUG c.m.x.mapper.MessageMapper.update - ==>  Preparing: update message set msg_text=?, msg_summary=? where msg_id = ? 
2020-04-07 12:11:15.854[main][main] DEBUG c.m.x.mapper.MessageMapper.update - ==> Parameters: computer(String), 学校(String), 1(Integer)
2020-04-07 12:11:15.855[main][main] DEBUG c.m.x.mapper.MessageMapper.update - <==    Updates: 0
2020-04-07 12:11:15.856[main][main] INFO  c.m.xmldemo.mapper.MessageMapperTest - 更新的数据条数：0
2020-04-07 12:11:15.862[main][main] DEBUG c.m.x.m.MessageMapper.updateText - ==>  Preparing: update message SET msg_text=? where msg_id =? 
2020-04-07 12:11:15.863[main][main] DEBUG c.m.x.m.MessageMapper.updateText - ==> Parameters: computer(String), 2(Integer)
2020-04-07 12:11:15.867[main][main] DEBUG c.m.x.m.MessageMapper.updateText - <==    Updates: 1
2020-04-07 12:11:15.867[main][main] INFO  c.m.xmldemo.mapper.MessageMapperTest - 更新Text的数据条数：1
2020-04-07 12:11:15.878[main][main] DEBUG c.m.x.m.MessageMapper.batchInsert - ==>  Preparing: insert into message (msg_text, msg_summary) values (?, ?) , (?, ?) 
2020-04-07 12:11:15.878[main][main] DEBUG c.m.x.m.MessageMapper.batchInsert - ==> Parameters: 兔子(String), 动物(String), 小狼(String), 动物(String)
2020-04-07 12:11:15.883[main][main] DEBUG c.m.x.m.MessageMapper.batchInsert - <==    Updates: 2
2020-04-07 12:11:15.904[SpringContextShutdownHook][SpringContextShutdownHook] INFO  com.zaxxer.hikari.HikariDataSource - HikariPool-1 - Shutdown initiated...
2020-04-07 12:11:15.919[SpringContextShutdownHook][SpringContextShutdownHook] INFO  com.zaxxer.hikari.HikariDataSource - HikariPool-1 - Shutdown completed.
2020-04-07 12:15:33.263[main][main] INFO  o.s.b.t.c.SpringBootTestContextBootstrapper - Neither @ContextConfiguration nor @ContextHierarchy found for test class [com.mybatis.xmldemo.mapper.MessageMapperTest], using SpringBootContextLoader
2020-04-07 12:15:33.268[main][main] INFO  o.s.t.c.s.AbstractContextLoader - Could not detect default resource locations for test class [com.mybatis.xmldemo.mapper.MessageMapperTest]: no resource found for suffixes {-context.xml, Context.groovy}.
2020-04-07 12:15:33.269[main][main] INFO  o.s.t.c.s.AnnotationConfigContextLoaderUtils - Could not detect default configuration classes for test class [com.mybatis.xmldemo.mapper.MessageMapperTest]: MessageMapperTest does not declare any static, non-private, non-final, nested classes annotated with @Configuration.
2020-04-07 12:15:33.383[main][main] INFO  o.s.b.t.c.SpringBootTestContextBootstrapper - Found @SpringBootConfiguration com.mybatis.xmldemo.XmlDemoApplication for test class com.mybatis.xmldemo.mapper.MessageMapperTest
2020-04-07 12:15:33.484[main][main] INFO  o.s.b.t.c.SpringBootTestContextBootstrapper - Loaded default TestExecutionListener class names from location [META-INF/spring.factories]: [org.springframework.boot.test.mock.mockito.MockitoTestExecutionListener, org.springframework.boot.test.mock.mockito.ResetMocksTestExecutionListener, org.springframework.boot.test.autoconfigure.restdocs.RestDocsTestExecutionListener, org.springframework.boot.test.autoconfigure.web.client.MockRestServiceServerResetTestExecutionListener, org.springframework.boot.test.autoconfigure.web.servlet.MockMvcPrintOnlyOnFailureTestExecutionListener, org.springframework.boot.test.autoconfigure.web.servlet.WebDriverTestExecutionListener, org.springframework.test.context.web.ServletTestExecutionListener, org.springframework.test.context.support.DirtiesContextBeforeModesTestExecutionListener, org.springframework.test.context.support.DependencyInjectionTestExecutionListener, org.springframework.test.context.support.DirtiesContextTestExecutionListener, org.springframework.test.context.transaction.TransactionalTestExecutionListener, org.springframework.test.context.jdbc.SqlScriptsTestExecutionListener, org.springframework.test.context.event.EventPublishingTestExecutionListener]
2020-04-07 12:15:33.501[main][main] INFO  o.s.b.t.c.SpringBootTestContextBootstrapper - Using TestExecutionListeners: [org.springframework.test.context.support.DirtiesContextBeforeModesTestExecutionListener@63798ca7, org.springframework.boot.test.mock.mockito.MockitoTestExecutionListener@4612b856, org.springframework.boot.test.autoconfigure.SpringBootDependencyInjectionTestExecutionListener@22875539, org.springframework.test.context.support.DirtiesContextTestExecutionListener@5674e1f2, org.springframework.test.context.transaction.TransactionalTestExecutionListener@79c7532f, org.springframework.test.context.jdbc.SqlScriptsTestExecutionListener@2a448449, org.springframework.test.context.event.EventPublishingTestExecutionListener@32f232a5, org.springframework.boot.test.mock.mockito.ResetMocksTestExecutionListener@43f82e78, org.springframework.boot.test.autoconfigure.restdocs.RestDocsTestExecutionListener@e54303, org.springframework.boot.test.autoconfigure.web.client.MockRestServiceServerResetTestExecutionListener@e8df99a, org.springframework.boot.test.autoconfigure.web.servlet.MockMvcPrintOnlyOnFailureTestExecutionListener@2dc995f4, org.springframework.boot.test.autoconfigure.web.servlet.WebDriverTestExecutionListener@2f40e5db]
2020-04-07 12:15:33.826[main][main] INFO  c.m.xmldemo.mapper.MessageMapperTest - Starting MessageMapperTest on LAPTOP-K0SG6Q7R with PID 8504 (started by 18262 in D:\MySelf\Study\MainMajor\SpringBoot\SpringBoot\xml-demo)
2020-04-07 12:15:33.827[main][main] DEBUG c.m.xmldemo.mapper.MessageMapperTest - Running with Spring Boot v2.2.6.RELEASE, Spring v5.2.5.RELEASE
2020-04-07 12:15:33.827[main][main] INFO  c.m.xmldemo.mapper.MessageMapperTest - No active profile set, falling back to default profiles: default
2020-04-07 12:15:34.169[main][main] DEBUG org.apache.ibatis.logging.LogFactory - Logging initialized using 'class org.apache.ibatis.logging.slf4j.Slf4jImpl' adapter.
2020-04-07 12:15:34.743[main][main] INFO  c.m.xmldemo.mapper.MessageMapperTest - Started MessageMapperTest in 1.198 seconds (JVM running for 2.343)
2020-04-07 12:15:35.023[main][main] INFO  com.zaxxer.hikari.HikariDataSource - HikariPool-1 - Starting...
2020-04-07 12:15:35.532[main][main] INFO  com.zaxxer.hikari.HikariDataSource - HikariPool-1 - Start completed.
2020-04-07 12:15:35.540[main][main] DEBUG c.m.x.m.MessageMapper.batchInsert - ==>  Preparing: insert into message (msg_text, msg_summary) values (?, ?) , (?, ?) 
2020-04-07 12:15:35.568[main][main] DEBUG c.m.x.m.MessageMapper.batchInsert - ==> Parameters: 兔子(String), 动物(String), 小狼(String), 动物(String)
2020-04-07 12:15:35.573[main][main] DEBUG c.m.x.m.MessageMapper.batchInsert - <==    Updates: 2
2020-04-07 12:15:35.596[SpringContextShutdownHook][SpringContextShutdownHook] INFO  com.zaxxer.hikari.HikariDataSource - HikariPool-1 - Shutdown initiated...
2020-04-07 12:15:35.602[SpringContextShutdownHook][SpringContextShutdownHook] INFO  com.zaxxer.hikari.HikariDataSource - HikariPool-1 - Shutdown completed.
2020-04-07 12:16:50.034[main][main] INFO  o.s.b.t.c.SpringBootTestContextBootstrapper - Neither @ContextConfiguration nor @ContextHierarchy found for test class [com.mybatis.xmldemo.mapper.MessageMapperTest], using SpringBootContextLoader
2020-04-07 12:16:50.040[main][main] INFO  o.s.t.c.s.AbstractContextLoader - Could not detect default resource locations for test class [com.mybatis.xmldemo.mapper.MessageMapperTest]: no resource found for suffixes {-context.xml, Context.groovy}.
2020-04-07 12:16:50.041[main][main] INFO  o.s.t.c.s.AnnotationConfigContextLoaderUtils - Could not detect default configuration classes for test class [com.mybatis.xmldemo.mapper.MessageMapperTest]: MessageMapperTest does not declare any static, non-private, non-final, nested classes annotated with @Configuration.
2020-04-07 12:16:50.156[main][main] INFO  o.s.b.t.c.SpringBootTestContextBootstrapper - Found @SpringBootConfiguration com.mybatis.xmldemo.XmlDemoApplication for test class com.mybatis.xmldemo.mapper.MessageMapperTest
2020-04-07 12:16:50.247[main][main] INFO  o.s.b.t.c.SpringBootTestContextBootstrapper - Loaded default TestExecutionListener class names from location [META-INF/spring.factories]: [org.springframework.boot.test.mock.mockito.MockitoTestExecutionListener, org.springframework.boot.test.mock.mockito.ResetMocksTestExecutionListener, org.springframework.boot.test.autoconfigure.restdocs.RestDocsTestExecutionListener, org.springframework.boot.test.autoconfigure.web.client.MockRestServiceServerResetTestExecutionListener, org.springframework.boot.test.autoconfigure.web.servlet.MockMvcPrintOnlyOnFailureTestExecutionListener, org.springframework.boot.test.autoconfigure.web.servlet.WebDriverTestExecutionListener, org.springframework.test.context.web.ServletTestExecutionListener, org.springframework.test.context.support.DirtiesContextBeforeModesTestExecutionListener, org.springframework.test.context.support.DependencyInjectionTestExecutionListener, org.springframework.test.context.support.DirtiesContextTestExecutionListener, org.springframework.test.context.transaction.TransactionalTestExecutionListener, org.springframework.test.context.jdbc.SqlScriptsTestExecutionListener, org.springframework.test.context.event.EventPublishingTestExecutionListener]
2020-04-07 12:16:50.264[main][main] INFO  o.s.b.t.c.SpringBootTestContextBootstrapper - Using TestExecutionListeners: [org.springframework.test.context.support.DirtiesContextBeforeModesTestExecutionListener@63798ca7, org.springframework.boot.test.mock.mockito.MockitoTestExecutionListener@4612b856, org.springframework.boot.test.autoconfigure.SpringBootDependencyInjectionTestExecutionListener@22875539, org.springframework.test.context.support.DirtiesContextTestExecutionListener@5674e1f2, org.springframework.test.context.transaction.TransactionalTestExecutionListener@79c7532f, org.springframework.test.context.jdbc.SqlScriptsTestExecutionListener@2a448449, org.springframework.test.context.event.EventPublishingTestExecutionListener@32f232a5, org.springframework.boot.test.mock.mockito.ResetMocksTestExecutionListener@43f82e78, org.springframework.boot.test.autoconfigure.restdocs.RestDocsTestExecutionListener@e54303, org.springframework.boot.test.autoconfigure.web.client.MockRestServiceServerResetTestExecutionListener@e8df99a, org.springframework.boot.test.autoconfigure.web.servlet.MockMvcPrintOnlyOnFailureTestExecutionListener@2dc995f4, org.springframework.boot.test.autoconfigure.web.servlet.WebDriverTestExecutionListener@2f40e5db]
2020-04-07 12:16:50.571[main][main] INFO  c.m.xmldemo.mapper.MessageMapperTest - Starting MessageMapperTest on LAPTOP-K0SG6Q7R with PID 17008 (started by 18262 in D:\MySelf\Study\MainMajor\SpringBoot\SpringBoot\xml-demo)
2020-04-07 12:16:50.572[main][main] DEBUG c.m.xmldemo.mapper.MessageMapperTest - Running with Spring Boot v2.2.6.RELEASE, Spring v5.2.5.RELEASE
2020-04-07 12:16:50.572[main][main] INFO  c.m.xmldemo.mapper.MessageMapperTest - No active profile set, falling back to default profiles: default
2020-04-07 12:16:50.896[main][main] DEBUG org.apache.ibatis.logging.LogFactory - Logging initialized using 'class org.apache.ibatis.logging.slf4j.Slf4jImpl' adapter.
2020-04-07 12:16:51.453[main][main] INFO  c.m.xmldemo.mapper.MessageMapperTest - Started MessageMapperTest in 1.15 seconds (JVM running for 2.293)
2020-04-07 12:16:51.727[main][main] INFO  com.zaxxer.hikari.HikariDataSource - HikariPool-1 - Starting...
2020-04-07 12:16:52.230[main][main] INFO  com.zaxxer.hikari.HikariDataSource - HikariPool-1 - Start completed.
2020-04-07 12:16:52.239[main][main] DEBUG c.m.x.m.MessageMapper.batchInsert - ==>  Preparing: insert into message (msg_text, msg_summary) values (?, ?) , (?, ?) 
2020-04-07 12:16:52.273[main][main] DEBUG c.m.x.m.MessageMapper.batchInsert - ==> Parameters: 兔子(String), 动物(String), 小狼(String), 动物(String)
2020-04-07 12:16:52.278[main][main] DEBUG c.m.x.m.MessageMapper.batchInsert - <==    Updates: 2
2020-04-07 12:16:52.280[main][main] INFO  c.m.xmldemo.mapper.MessageMapperTest - 插入的数据条数：2
2020-04-07 12:16:52.293[SpringContextShutdownHook][SpringContextShutdownHook] INFO  com.zaxxer.hikari.HikariDataSource - HikariPool-1 - Shutdown initiated...
2020-04-07 12:16:52.298[SpringContextShutdownHook][SpringContextShutdownHook] INFO  com.zaxxer.hikari.HikariDataSource - HikariPool-1 - Shutdown completed.
2020-04-07 12:17:09.412[main][main] INFO  o.s.b.t.c.SpringBootTestContextBootstrapper - Neither @ContextConfiguration nor @ContextHierarchy found for test class [com.mybatis.xmldemo.mapper.MessageMapperTest], using SpringBootContextLoader
2020-04-07 12:17:09.420[main][main] INFO  o.s.t.c.s.AbstractContextLoader - Could not detect default resource locations for test class [com.mybatis.xmldemo.mapper.MessageMapperTest]: no resource found for suffixes {-context.xml, Context.groovy}.
2020-04-07 12:17:09.421[main][main] INFO  o.s.t.c.s.AnnotationConfigContextLoaderUtils - Could not detect default configuration classes for test class [com.mybatis.xmldemo.mapper.MessageMapperTest]: MessageMapperTest does not declare any static, non-private, non-final, nested classes annotated with @Configuration.
2020-04-07 12:17:09.550[main][main] INFO  o.s.b.t.c.SpringBootTestContextBootstrapper - Found @SpringBootConfiguration com.mybatis.xmldemo.XmlDemoApplication for test class com.mybatis.xmldemo.mapper.MessageMapperTest
2020-04-07 12:17:09.663[main][main] INFO  o.s.b.t.c.SpringBootTestContextBootstrapper - Loaded default TestExecutionListener class names from location [META-INF/spring.factories]: [org.springframework.boot.test.mock.mockito.MockitoTestExecutionListener, org.springframework.boot.test.mock.mockito.ResetMocksTestExecutionListener, org.springframework.boot.test.autoconfigure.restdocs.RestDocsTestExecutionListener, org.springframework.boot.test.autoconfigure.web.client.MockRestServiceServerResetTestExecutionListener, org.springframework.boot.test.autoconfigure.web.servlet.MockMvcPrintOnlyOnFailureTestExecutionListener, org.springframework.boot.test.autoconfigure.web.servlet.WebDriverTestExecutionListener, org.springframework.test.context.web.ServletTestExecutionListener, org.springframework.test.context.support.DirtiesContextBeforeModesTestExecutionListener, org.springframework.test.context.support.DependencyInjectionTestExecutionListener, org.springframework.test.context.support.DirtiesContextTestExecutionListener, org.springframework.test.context.transaction.TransactionalTestExecutionListener, org.springframework.test.context.jdbc.SqlScriptsTestExecutionListener, org.springframework.test.context.event.EventPublishingTestExecutionListener]
2020-04-07 12:17:09.685[main][main] INFO  o.s.b.t.c.SpringBootTestContextBootstrapper - Using TestExecutionListeners: [org.springframework.test.context.support.DirtiesContextBeforeModesTestExecutionListener@530712d, org.springframework.boot.test.mock.mockito.MockitoTestExecutionListener@2df6226d, org.springframework.boot.test.autoconfigure.SpringBootDependencyInjectionTestExecutionListener@12ed9db6, org.springframework.test.context.support.DirtiesContextTestExecutionListener@4ff4357f, org.springframework.test.context.transaction.TransactionalTestExecutionListener@49cb9cb5, org.springframework.test.context.jdbc.SqlScriptsTestExecutionListener@55322aab, org.springframework.test.context.event.EventPublishingTestExecutionListener@2b4c1d96, org.springframework.boot.test.mock.mockito.ResetMocksTestExecutionListener@45fd9a4d, org.springframework.boot.test.autoconfigure.restdocs.RestDocsTestExecutionListener@50468873, org.springframework.boot.test.autoconfigure.web.client.MockRestServiceServerResetTestExecutionListener@146587a2, org.springframework.boot.test.autoconfigure.web.servlet.MockMvcPrintOnlyOnFailureTestExecutionListener@5f0e9815, org.springframework.boot.test.autoconfigure.web.servlet.WebDriverTestExecutionListener@76884e4b]
2020-04-07 12:17:10.052[main][main] INFO  c.m.xmldemo.mapper.MessageMapperTest - Starting MessageMapperTest on LAPTOP-K0SG6Q7R with PID 20484 (started by 18262 in D:\MySelf\Study\MainMajor\SpringBoot\SpringBoot\xml-demo)
2020-04-07 12:17:10.053[main][main] DEBUG c.m.xmldemo.mapper.MessageMapperTest - Running with Spring Boot v2.2.6.RELEASE, Spring v5.2.5.RELEASE
2020-04-07 12:17:10.054[main][main] INFO  c.m.xmldemo.mapper.MessageMapperTest - No active profile set, falling back to default profiles: default
2020-04-07 12:17:10.499[main][main] DEBUG org.apache.ibatis.logging.LogFactory - Logging initialized using 'class org.apache.ibatis.logging.slf4j.Slf4jImpl' adapter.
2020-04-07 12:17:11.080[main][main] INFO  c.m.xmldemo.mapper.MessageMapperTest - Started MessageMapperTest in 1.335 seconds (JVM running for 2.727)
2020-04-07 12:17:11.355[main][main] INFO  com.zaxxer.hikari.HikariDataSource - HikariPool-1 - Starting...
2020-04-07 12:17:11.866[main][main] INFO  com.zaxxer.hikari.HikariDataSource - HikariPool-1 - Start completed.
2020-04-07 12:17:11.874[main][main] DEBUG c.m.x.mapper.MessageMapper.insert - ==>  Preparing: insert into message(msg_text, msg_summary) values (?, ?) 
2020-04-07 12:17:11.902[main][main] DEBUG c.m.x.mapper.MessageMapper.insert - ==> Parameters: 竹子(String), 四君子之一(String)
2020-04-07 12:17:11.911[main][main] DEBUG c.m.x.mapper.MessageMapper.insert - <==    Updates: 1
2020-04-07 12:17:11.912[main][main] INFO  c.m.xmldemo.mapper.MessageMapperTest - 插入的数据：1
2020-04-07 12:17:11.922[main][main] DEBUG c.m.x.mapper.MessageMapper.selectAll - ==>  Preparing: select * from message 
2020-04-07 12:17:11.922[main][main] DEBUG c.m.x.mapper.MessageMapper.selectAll - ==> Parameters: 
2020-04-07 12:17:11.951[main][main] DEBUG c.m.x.mapper.MessageMapper.selectAll - <==      Total: 1
2020-04-07 12:17:11.954[main][main] INFO  c.m.xmldemo.mapper.MessageMapperTest - 查询到的记录：Message(msgId=1, msgText=竹子, msgSummary=四君子之一)
2020-04-07 12:17:11.965[main][main] DEBUG c.m.x.m.MessageMapper.selectById - ==>  Preparing: select * from message where msg_id = ? 
2020-04-07 12:17:11.966[main][main] DEBUG c.m.x.m.MessageMapper.selectById - ==> Parameters: 1(Integer)
2020-04-07 12:17:11.968[main][main] DEBUG c.m.x.m.MessageMapper.selectById - <==      Total: 1
2020-04-07 12:17:11.968[main][main] INFO  c.m.xmldemo.mapper.MessageMapperTest - id为1的数据：Message(msgId=1, msgText=竹子, msgSummary=四君子之一)
2020-04-07 12:17:11.976[main][main] DEBUG c.m.x.mapper.MessageMapper.delete - ==>  Preparing: delete from message where msg_id=? 
2020-04-07 12:17:11.976[main][main] DEBUG c.m.x.mapper.MessageMapper.delete - ==> Parameters: 1(Integer)
2020-04-07 12:17:11.982[main][main] DEBUG c.m.x.mapper.MessageMapper.delete - <==    Updates: 1
2020-04-07 12:17:11.982[main][main] INFO  c.m.xmldemo.mapper.MessageMapperTest - 删除的数据条数：1
2020-04-07 12:17:12.025[main][main] DEBUG c.m.x.mapper.MessageMapper.update - ==>  Preparing: update message set msg_text=?, msg_summary=? where msg_id = ? 
2020-04-07 12:17:12.026[main][main] DEBUG c.m.x.mapper.MessageMapper.update - ==> Parameters: computer(String), (String), 1(Integer)
2020-04-07 12:17:12.027[main][main] DEBUG c.m.x.mapper.MessageMapper.update - <==    Updates: 0
2020-04-07 12:17:12.027[main][main] INFO  c.m.xmldemo.mapper.MessageMapperTest - 更新的数据条数：0
2020-04-07 12:17:12.033[main][main] DEBUG c.m.x.m.MessageMapper.updateText - ==>  Preparing: update message SET msg_text=? where msg_id =? 
2020-04-07 12:17:12.034[main][main] DEBUG c.m.x.m.MessageMapper.updateText - ==> Parameters: computer(String), 2(Integer)
2020-04-07 12:17:12.035[main][main] DEBUG c.m.x.m.MessageMapper.updateText - <==    Updates: 0
2020-04-07 12:17:12.035[main][main] INFO  c.m.xmldemo.mapper.MessageMapperTest - 更新Text的数据条数：0
2020-04-07 12:17:12.047[main][main] DEBUG c.m.x.m.MessageMapper.batchInsert - ==>  Preparing: insert into message (msg_text, msg_summary) values (?, ?) , (?, ?) 
2020-04-07 12:17:12.048[main][main] DEBUG c.m.x.m.MessageMapper.batchInsert - ==> Parameters: 兔子(String), 动物(String), 小狼(String), 动物(String)
2020-04-07 12:17:12.051[main][main] DEBUG c.m.x.m.MessageMapper.batchInsert - <==    Updates: 2
2020-04-07 12:17:12.052[main][main] INFO  c.m.xmldemo.mapper.MessageMapperTest - 插入的数据条数：2
2020-04-07 12:17:12.064[SpringContextShutdownHook][SpringContextShutdownHook] INFO  com.zaxxer.hikari.HikariDataSource - HikariPool-1 - Shutdown initiated...
2020-04-07 12:17:12.088[SpringContextShutdownHook][SpringContextShutdownHook] INFO  com.zaxxer.hikari.HikariDataSource - HikariPool-1 - Shutdown completed.
2020-04-07 23:05:57.112[main][main] INFO  o.s.b.t.c.SpringBootTestContextBootstrapper - Neither @ContextConfiguration nor @ContextHierarchy found for test class [com.mybatis.xmldemo.mapper.MessageMapperTest], using SpringBootContextLoader
2020-04-07 23:05:57.118[main][main] INFO  o.s.t.c.s.AbstractContextLoader - Could not detect default resource locations for test class [com.mybatis.xmldemo.mapper.MessageMapperTest]: no resource found for suffixes {-context.xml, Context.groovy}.
2020-04-07 23:05:57.119[main][main] INFO  o.s.t.c.s.AnnotationConfigContextLoaderUtils - Could not detect default configuration classes for test class [com.mybatis.xmldemo.mapper.MessageMapperTest]: MessageMapperTest does not declare any static, non-private, non-final, nested classes annotated with @Configuration.
2020-04-07 23:05:57.248[main][main] INFO  o.s.b.t.c.SpringBootTestContextBootstrapper - Found @SpringBootConfiguration com.mybatis.xmldemo.XmlDemoApplication for test class com.mybatis.xmldemo.mapper.MessageMapperTest
2020-04-07 23:05:57.365[main][main] INFO  o.s.b.t.c.SpringBootTestContextBootstrapper - Loaded default TestExecutionListener class names from location [META-INF/spring.factories]: [org.springframework.boot.test.mock.mockito.MockitoTestExecutionListener, org.springframework.boot.test.mock.mockito.ResetMocksTestExecutionListener, org.springframework.boot.test.autoconfigure.restdocs.RestDocsTestExecutionListener, org.springframework.boot.test.autoconfigure.web.client.MockRestServiceServerResetTestExecutionListener, org.springframework.boot.test.autoconfigure.web.servlet.MockMvcPrintOnlyOnFailureTestExecutionListener, org.springframework.boot.test.autoconfigure.web.servlet.WebDriverTestExecutionListener, org.springframework.test.context.web.ServletTestExecutionListener, org.springframework.test.context.support.DirtiesContextBeforeModesTestExecutionListener, org.springframework.test.context.support.DependencyInjectionTestExecutionListener, org.springframework.test.context.support.DirtiesContextTestExecutionListener, org.springframework.test.context.transaction.TransactionalTestExecutionListener, org.springframework.test.context.jdbc.SqlScriptsTestExecutionListener, org.springframework.test.context.event.EventPublishingTestExecutionListener]
2020-04-07 23:05:57.379[main][main] INFO  o.s.b.t.c.SpringBootTestContextBootstrapper - Using TestExecutionListeners: [org.springframework.test.context.support.DirtiesContextBeforeModesTestExecutionListener@63798ca7, org.springframework.boot.test.mock.mockito.MockitoTestExecutionListener@4612b856, org.springframework.boot.test.autoconfigure.SpringBootDependencyInjectionTestExecutionListener@22875539, org.springframework.test.context.support.DirtiesContextTestExecutionListener@5674e1f2, org.springframework.test.context.transaction.TransactionalTestExecutionListener@79c7532f, org.springframework.test.context.jdbc.SqlScriptsTestExecutionListener@2a448449, org.springframework.test.context.event.EventPublishingTestExecutionListener@32f232a5, org.springframework.boot.test.mock.mockito.ResetMocksTestExecutionListener@43f82e78, org.springframework.boot.test.autoconfigure.restdocs.RestDocsTestExecutionListener@e54303, org.springframework.boot.test.autoconfigure.web.client.MockRestServiceServerResetTestExecutionListener@e8df99a, org.springframework.boot.test.autoconfigure.web.servlet.MockMvcPrintOnlyOnFailureTestExecutionListener@2dc995f4, org.springframework.boot.test.autoconfigure.web.servlet.WebDriverTestExecutionListener@2f40e5db]
2020-04-07 23:05:57.652[main][main] INFO  c.m.xmldemo.mapper.MessageMapperTest - Starting MessageMapperTest on LAPTOP-K0SG6Q7R with PID 15924 (started by 18262 in D:\MySelf\Study\MainMajor\SpringBoot\SpringBoot\xml-demo)
2020-04-07 23:05:57.653[main][main] DEBUG c.m.xmldemo.mapper.MessageMapperTest - Running with Spring Boot v2.2.6.RELEASE, Spring v5.2.5.RELEASE
2020-04-07 23:05:57.653[main][main] INFO  c.m.xmldemo.mapper.MessageMapperTest - No active profile set, falling back to default profiles: default
2020-04-07 23:05:58.034[main][main] DEBUG org.apache.ibatis.logging.LogFactory - Logging initialized using 'class org.apache.ibatis.logging.slf4j.Slf4jImpl' adapter.
2020-04-07 23:05:58.663[main][main] INFO  c.m.xmldemo.mapper.MessageMapperTest - Started MessageMapperTest in 1.24 seconds (JVM running for 2.547)
2020-04-07 23:05:58.949[main][main] INFO  com.zaxxer.hikari.HikariDataSource - HikariPool-1 - Starting...
2020-04-07 23:05:59.484[main][main] INFO  com.zaxxer.hikari.HikariDataSource - HikariPool-1 - Start completed.
2020-04-07 23:05:59.492[main][main] DEBUG c.m.x.mapper.MessageMapper.selectAll - ==>  Preparing: select * from message 
2020-04-07 23:05:59.522[main][main] DEBUG c.m.x.mapper.MessageMapper.selectAll - ==> Parameters: 
2020-04-07 23:05:59.548[main][main] DEBUG c.m.x.mapper.MessageMapper.selectAll - <==      Total: 2
2020-04-07 23:05:59.560[main][main] INFO  c.m.xmldemo.mapper.MessageMapperTest - 查询到的记录：Message(msgId=2, msgText=兔子, msgSummary=动物)
2020-04-07 23:05:59.572[main][main] INFO  c.m.xmldemo.mapper.MessageMapperTest - 查询到的记录：Message(msgId=3, msgText=小狼, msgSummary=动物)
2020-04-07 23:05:59.592[SpringContextShutdownHook][SpringContextShutdownHook] INFO  com.zaxxer.hikari.HikariDataSource - HikariPool-1 - Shutdown initiated...
2020-04-07 23:05:59.618[SpringContextShutdownHook][SpringContextShutdownHook] INFO  com.zaxxer.hikari.HikariDataSource - HikariPool-1 - Shutdown completed.
